#
# A fatal error has been detected by the Java Runtime Environment:
#
#  EXCEPTION_ACCESS_VIOLATION (0xc0000005) at pc=0x6d0b6b30, pid=6376, tid=4000
#
# JRE version: 6.0_23-b05
# Java VM: Java HotSpot(TM) Client VM (19.0-b09 mixed mode windows-x86 )
# Problematic frame:
# C  [awt.dll+0xb6b30]
#
# If you would like to submit a bug report, please visit:
#   http://java.sun.com/webapps/bugreport/crash.jsp
# The crash happened outside the Java Virtual Machine in native code.
# See problematic frame for where to report the bug.
#

---------------  T H R E A D  ---------------

Current thread (0x48984400):  JavaThread "AWT-Windows" daemon [_thread_in_native, id=4000, stack(0x48e80000,0x48ed0000)]

siginfo: ExceptionCode=0xc0000005, reading address 0x00000000

Registers:
EAX=0x48ecfac8, EBX=0x489bb0b8, ECX=0x000000de, EDX=0x00000180
ESP=0x48ecfab0, EBP=0x759d1450, ESI=0x00000000, EDI=0x00000180
EIP=0x6d0b6b30, EFLAGS=0x00010202

Register to memory mapping:

EAX=0x48ecfac8
0x48ecfac8 is pointing into the stack for thread: 0x48984400
"AWT-Windows" daemon prio=6 tid=0x48984400 nid=0xfa0 runnable [0x48ecf000]
   java.lang.Thread.State: RUNNABLE

EBX=0x489bb0b8
0x489bb0b8 is pointing to unknown location

ECX=0x000000de
0x000000de is pointing to unknown location

EDX=0x00000180
0x00000180 is pointing to unknown location

ESP=0x48ecfab0
0x48ecfab0 is pointing into the stack for thread: 0x48984400
"AWT-Windows" daemon prio=6 tid=0x48984400 nid=0xfa0 runnable [0x48ecf000]
   java.lang.Thread.State: RUNNABLE

EBP=0x759d1450
0x759d1450 is pointing to unknown location

ESI=0x00000000
0x00000000 is pointing to unknown location

EDI=0x00000180
0x00000180 is pointing to unknown location


Top of Stack: (sp=0x48ecfab0)
0x48ecfab0:   48ecfac8 00001000 00000000 489ae588
0x48ecfac0:   00000001 48ecfab8 48ecfabc 6d0ae4fd
0x48ecfad0:   00000000 00000000 489ae588 6d0ae5ca
0x48ecfae0:   00000000 489ae588 00000001 6d0ae6ce
0x48ecfaf0:   489ae588 6d063812 01dc2d60 00000000
0x48ecfb00:   6d0b0630 00000001 6d102f58 6d102940
0x48ecfb10:   01dc2d60 6d0b1a32 6d102f50 6d0b1c19
0x48ecfb20:   6d09a4b3 00000000 00000fa0 00000000 

Instructions: (pc=0x6d0b6b30)
0x6d0b6b20:   05 00 20 00 00 50 c1 e2 05 8d 44 24 14 50 8b fa
0x6d0b6b30:   8b 16 57 c1 e1 05 51 56 ff 52 2c 85 c0 0f 8c 93 


Stack: [0x48e80000,0x48ed0000],  sp=0x48ecfab0,  free space=318k
Native frames: (J=compiled Java code, j=interpreted, Vv=VM code, C=native code)
C  [awt.dll+0xb6b30]

Java frames: (J=compiled Java code, j=interpreted, Vv=VM code)
j  sun.awt.windows.WToolkit.eventLoop()V+0
j  sun.awt.windows.WToolkit.run()V+52
j  java.lang.Thread.run()V+11
v  ~StubRoutines::call_stub

---------------  P R O C E S S  ---------------

Java Threads: ( => current thread )
  0x4c597c00 JavaThread "Thread-1" daemon [_thread_in_native, id=5484, stack(0x4ba20000,0x4ba70000)]
  0x4c596c00 JavaThread "TimerQueue" daemon [_thread_blocked, id=940, stack(0x4bad0000,0x4bb20000)]
  0x4c596400 JavaThread "DestroyJavaVM" [_thread_blocked, id=1752, stack(0x00430000,0x00480000)]
  0x4c362400 JavaThread "Timer-0" [_thread_blocked, id=2116, stack(0x4b620000,0x4b670000)]
  0x489e9c00 JavaThread "AWT-EventQueue-0" [_thread_blocked, id=3980, stack(0x49840000,0x49890000)]
=>0x48984400 JavaThread "AWT-Windows" daemon [_thread_in_native, id=4000, stack(0x48e80000,0x48ed0000)]
  0x48980800 JavaThread "AWT-Shutdown" [_thread_blocked, id=5012, stack(0x48df0000,0x48e40000)]
  0x4897e400 JavaThread "Java2D Disposer" daemon [_thread_blocked, id=4236, stack(0x48da0000,0x48df0000)]
  0x01dffc00 JavaThread "Low Memory Detector" daemon [_thread_blocked, id=5796, stack(0x48800000,0x48850000)]
  0x01dfa800 JavaThread "CompilerThread0" daemon [_thread_blocked, id=4288, stack(0x48770000,0x487c0000)]
  0x01df9400 JavaThread "Attach Listener" daemon [_thread_blocked, id=6324, stack(0x486e0000,0x48730000)]
  0x01df6400 JavaThread "Signal Dispatcher" daemon [_thread_blocked, id=2996, stack(0x48650000,0x486a0000)]
  0x01dcac00 JavaThread "Finalizer" daemon [_thread_blocked, id=3172, stack(0x485c0000,0x48610000)]
  0x01dc6000 JavaThread "Reference Handler" daemon [_thread_blocked, id=6320, stack(0x48530000,0x48580000)]

Other Threads:
  0x01dc3800 VMThread [stack: 0x484e0000,0x48530000] [id=3452]
  0x01e11000 WatcherThread [stack: 0x48890000,0x488e0000] [id=2668]

VM state:not at safepoint (normal execution)

VM Mutex/Monitor currently owned by a thread: None

Heap
 def new generation   total 19712K, used 11449K [0x04150000, 0x056b0000, 0x196a0000)
  eden space 17536K,  53% used [0x04150000, 0x04a81c08, 0x05270000)
  from space 2176K,  93% used [0x05270000, 0x0546c988, 0x05490000)
  to   space 2176K,   0% used [0x05490000, 0x05490000, 0x056b0000)
 tenured generation   total 43712K, used 4699K [0x196a0000, 0x1c150000, 0x44150000)
   the space 43712K,  10% used [0x196a0000, 0x19b36d20, 0x19b36e00, 0x1c150000)
 compacting perm gen  total 12288K, used 12253K [0x44150000, 0x44d50000, 0x48150000)
   the space 12288K,  99% used [0x44150000, 0x44d474a0, 0x44d47600, 0x44d50000)
No shared spaces configured.

Dynamic libraries:
0x00400000 - 0x00424000 	c:\altera\12.1\quartus\bin\jre\bin\javaw.exe
0x77140000 - 0x772c0000 	C:\Windows\SysWOW64\ntdll.dll
0x759c0000 - 0x75ad0000 	C:\Windows\syswow64\kernel32.dll
0x764a0000 - 0x764e7000 	C:\Windows\syswow64\KERNELBASE.dll
0x761b0000 - 0x76250000 	C:\Windows\syswow64\ADVAPI32.dll
0x763f0000 - 0x7649c000 	C:\Windows\syswow64\msvcrt.dll
0x75da0000 - 0x75db9000 	C:\Windows\SysWOW64\sechost.dll
0x75650000 - 0x75740000 	C:\Windows\syswow64\RPCRT4.dll
0x74820000 - 0x74880000 	C:\Windows\syswow64\SspiCli.dll
0x74810000 - 0x7481c000 	C:\Windows\syswow64\CRYPTBASE.dll
0x764f0000 - 0x765f0000 	C:\Windows\syswow64\USER32.dll
0x765f0000 - 0x76680000 	C:\Windows\syswow64\GDI32.dll
0x75c40000 - 0x75c4a000 	C:\Windows\syswow64\LPK.dll
0x767e0000 - 0x7687d000 	C:\Windows\syswow64\USP10.dll
0x754d0000 - 0x75530000 	C:\Windows\system32\IMM32.DLL
0x76680000 - 0x7674c000 	C:\Windows\syswow64\MSCTF.dll
0x7c340000 - 0x7c396000 	c:\altera\12.1\quartus\bin\jre\bin\msvcr71.dll
0x6d7f0000 - 0x6da9c000 	c:\altera\12.1\quartus\bin\jre\bin\client\jvm.dll
0x726a0000 - 0x726d2000 	C:\Windows\system32\WINMM.dll
0x71630000 - 0x7167b000 	C:\Windows\system32\apphelp.dll
0x6d7a0000 - 0x6d7ac000 	c:\altera\12.1\quartus\bin\jre\bin\verify.dll
0x6d320000 - 0x6d33f000 	c:\altera\12.1\quartus\bin\jre\bin\java.dll
0x6d280000 - 0x6d288000 	c:\altera\12.1\quartus\bin\jre\bin\hpi.dll
0x75b70000 - 0x75b75000 	C:\Windows\syswow64\PSAPI.DLL
0x6d7e0000 - 0x6d7ef000 	c:\altera\12.1\quartus\bin\jre\bin\zip.dll
0x6d000000 - 0x6d14a000 	C:\altera\12.1\quartus\bin\jre\bin\awt.dll
0x720d0000 - 0x72121000 	C:\Windows\system32\WINSPOOL.DRV
0x75740000 - 0x7589c000 	C:\Windows\syswow64\ole32.dll
0x72f80000 - 0x7311e000 	C:\Windows\WinSxS\x86_microsoft.windows.common-controls_6595b64144ccf1df_6.0.7600.16661_none_420fe3fa2b8113bd\COMCTL32.dll
0x75ad0000 - 0x75b27000 	C:\Windows\syswow64\SHLWAPI.dll
0x74780000 - 0x74793000 	C:\Windows\system32\DWMAPI.DLL
0x746b0000 - 0x74730000 	C:\Windows\system32\uxtheme.dll
0x74880000 - 0x754c9000 	C:\Windows\syswow64\shell32.dll
0x6d230000 - 0x6d27f000 	C:\altera\12.1\quartus\bin\jre\bin\fontmanager.dll
0x6d600000 - 0x6d613000 	C:\altera\12.1\quartus\bin\jre\bin\net.dll
0x75b30000 - 0x75b65000 	C:\Windows\syswow64\WS2_32.dll
0x77110000 - 0x77116000 	C:\Windows\syswow64\NSI.dll
0x721a0000 - 0x721dc000 	C:\Windows\system32\mswsock.dll
0x73e10000 - 0x73e16000 	C:\Windows\System32\wship6.dll
0x6d620000 - 0x6d629000 	C:\altera\12.1\quartus\bin\jre\bin\nio.dll
0x498e0000 - 0x49aa3000 	C:\Windows\system32\d3d9.dll
0x72c70000 - 0x72c79000 	C:\Windows\system32\VERSION.dll
0x73630000 - 0x73636000 	C:\Windows\system32\d3d8thk.dll
0x73440000 - 0x73448000 	C:\Windows\system32\atiu9pag.dll
0x68580000 - 0x6890f000 	C:\Windows\system32\atiumdag.dll
0x49ce0000 - 0x49fd0000 	C:\Windows\system32\atiumdva.dll
0x4b2c0000 - 0x4b5d6000 	C:\altera\12.1\ip\altera\common\ip_toolbench\v1.3.0\bin\eperl.dll
0x74740000 - 0x74751000 	C:\Windows\system32\NETAPI32.dll
0x747a0000 - 0x747a9000 	C:\Windows\system32\netutils.dll
0x74690000 - 0x746a9000 	C:\Windows\system32\srvcli.dll
0x74680000 - 0x7468f000 	C:\Windows\system32\wkscli.dll
0x760e0000 - 0x7615b000 	C:\Windows\syswow64\comdlg32.dll
0x71ed0000 - 0x71ee6000 	C:\Windows\system32\CRYPTSP.dll
0x72d30000 - 0x72d6b000 	C:\Windows\system32\rsaenh.dll
0x71fa0000 - 0x71fb7000 	C:\Windows\system32\USERENV.dll
0x72060000 - 0x7206b000 	C:\Windows\system32\profapi.dll
0x71250000 - 0x71260000 	C:\Windows\system32\NLAapi.dll
0x72130000 - 0x72174000 	C:\Windows\system32\DNSAPI.dll
0x71240000 - 0x71248000 	C:\Windows\System32\winrnr.dll
0x71230000 - 0x71240000 	C:\Windows\system32\napinsp.dll
0x71210000 - 0x71222000 	C:\Windows\system32\pnrpnsp.dll
0x71200000 - 0x7120d000 	C:\Windows\system32\wshbth.dll
0x721e0000 - 0x72204000 	C:\Program Files (x86)\Common Files\Microsoft Shared\Windows Live\WLIDNSP.DLL
0x73ed0000 - 0x73ef1000 	C:\Program Files (x86)\Bonjour\mdnsNSP.dll
0x72d10000 - 0x72d2c000 	C:\Windows\system32\Iphlpapi.DLL
0x73360000 - 0x73367000 	C:\Windows\system32\WINNSI.DLL
0x71fd0000 - 0x71fd5000 	C:\Windows\System32\wshtcpip.dll
0x73e80000 - 0x73e86000 	C:\Windows\system32\rasadhlp.dll
0x73e90000 - 0x73ec8000 	C:\Windows\System32\fwpuclnt.dll
0x6d440000 - 0x6d465000 	C:\altera\12.1\quartus\bin\jre\bin\jpeg.dll
0x76020000 - 0x760a3000 	C:\Windows\syswow64\CLBCatQ.DLL
0x75bb0000 - 0x75c3f000 	C:\Windows\syswow64\OLEAUT32.dll

VM Arguments:
jvm_args: -Xms64m -Xmx1g 
java_command: c:/altera/12.1/ip/altera/fir_compiler/lib/../../common/ip_toolbench/v1.3.0/bin/launcher.jar -devicefamily:Cyclone IV E -projectname:Project -projectpath:C:/Users/David/Desktop/Proyecto/ -lib_dir:c:/altera/12.1/ip/altera/fir_compiler/lib/ -flow_dir:c:/altera/12.1/ip/altera/fir_compiler/lib/../../common/ip_toolbench/v1.3.0/bin -wizard:fir_compiler C:/Users/David/Desktop/Proyecto/Filtro2.vhd -n -symbol -p2 -quartus_rootdir:c:/altera/12.1/quartus/
Launcher Type: SUN_STANDARD

Environment Variables:
PATH=c:\altera\12.1\quartus\bin\;c:\altera\12.1\quartus\bin\;C:\Program Files (x86)\NVIDIA Corporation\PhysX\Common;C:\Program Files\Common Files\Microsoft Shared\Windows Live;C:\Windows\system32;C:\Windows;C:\Windows\System32\Wbem;C:\Windows\System32\WindowsPowerShell\v1.0\;C:\Program Files\WIDCOMM\Bluetooth Software\;C:\Program Files\WIDCOMM\Bluetooth Software\syswow64;\;C:\Program Files (x86)\Sony\VAIO Startup Setting Tool;c:\Program Files (x86)\ATI Technologies\ATI.ACE\Core-Static;C:\Program Files\MATLAB\R2011b\runtime\win64;C:\Program Files\MATLAB\R2011b\bin;C:\Python27;C:\Python27\Scripts;C:\Program Files\Common Files\Microsoft Shared\Windows Live;c:\altera\12.0\modelsim_ase\win32aloem
USERNAME=David
OS=Windows_NT
PROCESSOR_IDENTIFIER=Intel64 Family 6 Model 37 Stepping 5, GenuineIntel



---------------  S Y S T E M  ---------------

OS: Windows 7 Build 7600 

CPU:total 4 (2 cores per cpu, 2 threads per core) family 6 model 37 stepping 5, cmov, cx8, fxsr, mmx, sse, sse2, sse3, ssse3, sse4.1, sse4.2, popcnt, ht

Memory: 4k page, physical 6142052k(4414900k free), swap 12282204k(10247900k free)

vm_info: Java HotSpot(TM) Client VM (19.0-b09) for windows-x86 JRE (1.6.0_23-b05), built on Nov 12 2010 15:00:43 by "java_re" with MS VC++ 7.1 (VS2003)

time: Fri Nov 30 13:11:06 2012
elapsed time: 905 seconds

