MIF/HEX Update report for Project
Thu May 30 16:27:13 2013
Quartus II 32-bit Version 12.0 Build 178 05/31/2012 SJ Web Edition


---------------------
; Table of Contents ;
---------------------
  1. Legal Notice
  2. MIF/HEX Update Summary
  3. MIF/HEX Update Processed Files
  4. MIF/HEX Update Messages



----------------
; Legal Notice ;
----------------
Copyright (C) 1991-2012 Altera Corporation
Your use of Altera Corporation's design tools, logic functions 
and other software and tools, and its AMPP partner logic 
functions, and any output files from any of the foregoing 
(including device programming or simulation files), and any 
associated documentation or information are expressly subject 
to the terms and conditions of the Altera Program License 
Subscription Agreement, Altera MegaCore Function License 
Agreement, or other applicable license agreement, including, 
without limitation, that your use is for the sole purpose of 
programming logic devices manufactured by Altera and sold by 
Altera or its authorized distributors.  Please refer to the 
applicable agreement for further details.



+---------------------------------------------------------------+
; MIF/HEX Update Summary                                        ;
+-----------------------+---------------------------------------+
; MIF/HEX Update Status ; Successful - Thu May 30 16:27:13 2013 ;
; Revision Name         ; Project                               ;
; Top-level Entity Name ; Project                               ;
; Family                ; Cyclone IV E                          ;
; Device                ; EP4CE115F29C7                         ;
+-----------------------+---------------------------------------+


+--------------------------------------------------------------------------------------+
; MIF/HEX Update Processed Files                                                       ;
+--------------------------------------------------------------------------------------+
; File Name                                                                            ;
+--------------------------------------------------------------------------------------+
; C:/Users/David/Dropbox/PFC IT/Proyecto VHDL/Codigo sin sonido/Proyecto/rominicbn.mif ;
+--------------------------------------------------------------------------------------+


+-------------------------+
; MIF/HEX Update Messages ;
+-------------------------+
Info: *******************************************************************
Info: Running Quartus II 32-bit MIF/HEX Update
    Info: Version 12.0 Build 178 05/31/2012 SJ Web Edition
    Info: Processing started: Thu May 30 16:27:02 2013
Info: Command: quartus_cdb Project -c Project --update_mif
Info (39024): Processed the following Memory Initialization File(s)
    Info (39025): Processed Memory Initialization File C:/Users/David/Dropbox/PFC IT/Proyecto VHDL/Codigo sin sonido/Proyecto/rominicbn.mif
Info: Quartus II 32-bit MIF/HEX Update was successful. 0 errors, 0 warnings
    Info: Peak virtual memory: 741 megabytes
    Info: Processing ended: Thu May 30 16:27:13 2013
    Info: Elapsed time: 00:00:11
    Info: Total CPU time (on all processors): 00:00:10


