Thu Jun 27 17:53:07 CEST 2013  [debug] AvalonLogSystem initialized using logfile 'velocity.log'
Thu Jun 27 17:53:07 CEST 2013   [info] ************************************************************** 
Thu Jun 27 17:53:07 CEST 2013   [info] Starting Jakarta Velocity v1.4
Thu Jun 27 17:53:07 CEST 2013   [info] RuntimeInstance initializing.
Thu Jun 27 17:53:07 CEST 2013   [info] Default Properties File: org\apache\velocity\runtime\defaults\velocity.properties
Thu Jun 27 17:53:07 CEST 2013   [info] Trying to use logger class org.apache.velocity.runtime.log.AvalonLogSystem
Thu Jun 27 17:53:07 CEST 2013   [info] Using logger class org.apache.velocity.runtime.log.AvalonLogSystem
Thu Jun 27 17:53:07 CEST 2013   [info] Default ResourceManager initializing. (class org.apache.velocity.runtime.resource.ResourceManagerImpl)
Thu Jun 27 17:53:07 CEST 2013   [info] Resource Loader Instantiated: org.apache.velocity.runtime.resource.loader.FileResourceLoader
Thu Jun 27 17:53:07 CEST 2013   [info] FileResourceLoader : initialization starting.
Thu Jun 27 17:53:07 CEST 2013   [info] FileResourceLoader : adding path 'c:\altera\12.1\ip\altera\fir_compiler\lib\ip_toolbench\..\template'
Thu Jun 27 17:53:07 CEST 2013   [info] FileResourceLoader : adding path '.'
Thu Jun 27 17:53:07 CEST 2013   [info] FileResourceLoader : initialization complete.
Thu Jun 27 17:53:07 CEST 2013   [info] Resource Loader Instantiated: org.apache.velocity.runtime.resource.loader.JarResourceLoader
Thu Jun 27 17:53:07 CEST 2013   [info] JarResourceLoader : initialization starting.
Thu Jun 27 17:53:07 CEST 2013   [info] JarResourceLoader # of paths : 0
Thu Jun 27 17:53:07 CEST 2013   [info] JarResourceLoader : initialization complete.
Thu Jun 27 17:53:07 CEST 2013   [info] Resource Loader Instantiated: org.apache.velocity.runtime.resource.loader.ClasspathResourceLoader
Thu Jun 27 17:53:07 CEST 2013   [info] ClasspathResourceLoader : initialization starting.
Thu Jun 27 17:53:07 CEST 2013   [info] ClasspathResourceLoader : initialization complete.
Thu Jun 27 17:53:07 CEST 2013   [info] ResourceCache : initialized. (class org.apache.velocity.runtime.resource.ResourceCacheImpl)
Thu Jun 27 17:53:07 CEST 2013   [info] Default ResourceManager initialization complete.
Thu Jun 27 17:53:07 CEST 2013   [info] Loaded System Directive: org.apache.velocity.runtime.directive.Literal
Thu Jun 27 17:53:07 CEST 2013   [info] Loaded System Directive: org.apache.velocity.runtime.directive.Macro
Thu Jun 27 17:53:07 CEST 2013   [info] Loaded System Directive: org.apache.velocity.runtime.directive.Parse
Thu Jun 27 17:53:07 CEST 2013   [info] Loaded System Directive: org.apache.velocity.runtime.directive.Include
Thu Jun 27 17:53:07 CEST 2013   [info] Loaded System Directive: org.apache.velocity.runtime.directive.Foreach
Thu Jun 27 17:53:07 CEST 2013   [info] Created: 20 parsers.
Thu Jun 27 17:53:07 CEST 2013   [info] Velocimacro : initialization starting.
Thu Jun 27 17:53:07 CEST 2013   [info] Velocimacro : adding VMs from VM library template : VM_global_library.vm
Thu Jun 27 17:53:07 CEST 2013  [error] ResourceManager : unable to find resource 'VM_global_library.vm' in any resource loader.
Thu Jun 27 17:53:07 CEST 2013   [info] Velocimacro : error using  VM library template VM_global_library.vm : org.apache.velocity.exception.ResourceNotFoundException: Unable to find resource 'VM_global_library.vm'
Thu Jun 27 17:53:07 CEST 2013   [info] Velocimacro :  VM library template macro registration complete.
Thu Jun 27 17:53:07 CEST 2013   [info] Velocimacro : allowInline = true : VMs can be defined inline in templates
Thu Jun 27 17:53:07 CEST 2013   [info] Velocimacro : allowInlineToOverride = false : VMs defined inline may NOT replace previous VM definitions
Thu Jun 27 17:53:07 CEST 2013   [info] Velocimacro : allowInlineLocal = false : VMs defined inline will be  global in scope if allowed.
Thu Jun 27 17:53:07 CEST 2013   [info] Velocimacro : messages on  : VM system will output logging messages
Thu Jun 27 17:53:07 CEST 2013   [info] Velocimacro : autoload off  : VM system will not automatically reload global library macros
Thu Jun 27 17:53:07 CEST 2013   [info] Velocimacro : initialization complete.
Thu Jun 27 17:53:07 CEST 2013   [info] Velocity successfully started.
Thu Jun 27 17:53:07 CEST 2013   [info] ResourceManager : found tb_avalon_st.vm with loader org.apache.velocity.runtime.resource.loader.ClasspathResourceLoader
Thu Jun 27 17:53:07 CEST 2013   [info] ResourceManager : found alt_license_vhdl.txt with loader org.apache.velocity.runtime.resource.loader.ClasspathResourceLoader
Thu Jun 27 17:53:07 CEST 2013   [info] ResourceManager : found auk_dspip_fir_top_avalon_streaming.vm with loader org.apache.velocity.runtime.resource.loader.ClasspathResourceLoader
Thu Jun 27 17:53:07 CEST 2013   [info] ResourceManager : found alt_license_vhdl.txt with loader org.apache.velocity.runtime.resource.loader.ClasspathResourceLoader
Thu Jun 27 17:53:07 CEST 2013   [info] ResourceManager : found generic_msim_script.vm with loader org.apache.velocity.runtime.resource.loader.ClasspathResourceLoader
Thu Jun 27 17:53:07 CEST 2013   [info] ResourceManager : found alt_license_tcl.txt with loader org.apache.velocity.runtime.resource.loader.ClasspathResourceLoader
Thu Jun 27 17:53:07 CEST 2013   [info] ResourceManager : found constant_part_of_tcl_script.tcl with loader org.apache.velocity.runtime.resource.loader.ClasspathResourceLoader
Thu Jun 27 17:53:07 CEST 2013   [info] ResourceManager : found fir_input.vm with loader org.apache.velocity.runtime.resource.loader.ClasspathResourceLoader
Thu Jun 27 17:53:07 CEST 2013   [info] ResourceManager : found matlab_model.vm with loader org.apache.velocity.runtime.resource.loader.ClasspathResourceLoader
Thu Jun 27 17:53:07 CEST 2013   [info] ResourceManager : found alt_license_matlab.txt with loader org.apache.velocity.runtime.resource.loader.ClasspathResourceLoader
Thu Jun 27 17:53:07 CEST 2013   [info] ResourceManager : found matlab_model_base.vm with loader org.apache.velocity.runtime.resource.loader.ClasspathResourceLoader
Thu Jun 27 17:53:07 CEST 2013   [info] ResourceManager : found fir_nativelink_tcl.vm with loader org.apache.velocity.runtime.resource.loader.ClasspathResourceLoader
Thu Jun 27 17:53:07 CEST 2013   [info] ResourceManager : found alt_license_tcl.txt with loader org.apache.velocity.runtime.resource.loader.ClasspathResourceLoader
Thu Jun 27 18:05:54 CEST 2013   [info] ResourceManager : found tb_avalon_st.vm with loader org.apache.velocity.runtime.resource.loader.ClasspathResourceLoader
Thu Jun 27 18:05:54 CEST 2013   [info] ResourceManager : found alt_license_vhdl.txt with loader org.apache.velocity.runtime.resource.loader.ClasspathResourceLoader
Thu Jun 27 18:05:54 CEST 2013   [info] ResourceManager : found auk_dspip_fir_top_avalon_streaming.vm with loader org.apache.velocity.runtime.resource.loader.ClasspathResourceLoader
Thu Jun 27 18:05:54 CEST 2013   [info] ResourceManager : found alt_license_vhdl.txt with loader org.apache.velocity.runtime.resource.loader.ClasspathResourceLoader
Thu Jun 27 18:05:54 CEST 2013   [info] ResourceManager : found generic_msim_script.vm with loader org.apache.velocity.runtime.resource.loader.ClasspathResourceLoader
Thu Jun 27 18:05:54 CEST 2013   [info] ResourceManager : found alt_license_tcl.txt with loader org.apache.velocity.runtime.resource.loader.ClasspathResourceLoader
Thu Jun 27 18:05:54 CEST 2013   [info] ResourceManager : found constant_part_of_tcl_script.tcl with loader org.apache.velocity.runtime.resource.loader.ClasspathResourceLoader
Thu Jun 27 18:05:54 CEST 2013   [info] ResourceManager : found fir_input.vm with loader org.apache.velocity.runtime.resource.loader.ClasspathResourceLoader
Thu Jun 27 18:05:54 CEST 2013   [info] ResourceManager : found matlab_model.vm with loader org.apache.velocity.runtime.resource.loader.ClasspathResourceLoader
Thu Jun 27 18:05:54 CEST 2013   [info] ResourceManager : found alt_license_matlab.txt with loader org.apache.velocity.runtime.resource.loader.ClasspathResourceLoader
Thu Jun 27 18:05:54 CEST 2013   [info] ResourceManager : found matlab_model_base.vm with loader org.apache.velocity.runtime.resource.loader.ClasspathResourceLoader
Thu Jun 27 18:05:54 CEST 2013   [info] ResourceManager : found fir_nativelink_tcl.vm with loader org.apache.velocity.runtime.resource.loader.ClasspathResourceLoader
Thu Jun 27 18:05:54 CEST 2013   [info] ResourceManager : found alt_license_tcl.txt with loader org.apache.velocity.runtime.resource.loader.ClasspathResourceLoader
